<?xml version="1.0" encoding="UTF-8"?>
<!-- Generated by org.testng.reporters.JUnitXMLReporter -->
<testsuite ignored="0" hostname="DESKTOP-URFGTI2" failures="0" tests="13" name="Surefire test" time="86.618" errors="0" timestamp="2024-02-20T08:03:30 IST">
  <testcase classname="com.abby.qa.testcases.LoginTest" name="verifyLoginWithValidCreadentials" time="1.005"/>
  <testcase classname="com.abby.qa.testcases.LoginTest" name="verifyLoginWithValidCreadentials" time="0.949"/>
  <testcase classname="com.abby.qa.testcases.LoginTest" name="verifyLoginWithInvalidCreadentials" time="0.96"/>
  <testcase classname="com.abby.qa.testcases.LoginTest" name="verifyLoginWithInvalidEmailAndValidPassword" time="0.878"/>
  <testcase classname="com.abby.qa.testcases.LoginTest" name="verifyLoginWithValidEmailAndInvalidPassword" time="0.865"/>
  <testcase classname="com.abby.qa.testcases.LoginTest" name="verifyLoginWithoutProvidingCredential" time="0.491"/>
  <testcase classname="com.abby.qa.testcases.RegisterTest" name="verifyRegisteringAnAccountWithMandatoryFields" time="1.566"/>
  <testcase classname="com.abby.qa.testcases.RegisterTest" name="verifyRegisteringAnAccountWithAllFields" time="1.626"/>
  <testcase classname="com.abby.qa.testcases.RegisterTest" name="verifyRegisteringAnAccountWithExistingEmailAddress" time="1.485"/>
  <testcase classname="com.abby.qa.testcases.RegisterTest" name="verifyRegisteringAnAccountWithoutFillingAnyData" time="0.933"/>
  <testcase classname="com.abby.qa.testcases.SearchTest" name="verifySearchWithValidProduct" time="0.629"/>
  <testcase classname="com.abby.qa.testcases.SearchTest" name="verifySearchWithIvalidProduct" time="0.523"/>
  <testcase classname="com.abby.qa.testcases.SearchTest" name="verifySearchWithOutAnyProduct" time="0.558"/>
</testsuite> <!-- Surefire test -->
