<?xml version="1.0" encoding="UTF-8"?>
<!-- Generated by org.testng.reporters.JUnitXMLReporter -->
<testsuite ignored="0" hostname="icon" failures="0" tests="13" name="Test" time="70.826" errors="0" timestamp="2024-06-14T05:51:51 IST">
  <testcase classname="com.abby.qa.testcases.LoginTest" name="verifyLoginWithValidCreadentials" time="1.05"/>
  <testcase classname="com.abby.qa.testcases.LoginTest" name="verifyLoginWithValidCreadentials" time="0.767"/>
  <testcase classname="com.abby.qa.testcases.LoginTest" name="verifyLoginWithInvalidCreadentials" time="0.714"/>
  <testcase classname="com.abby.qa.testcases.LoginTest" name="verifyLoginWithInvalidEmailAndValidPassword" time="0.72"/>
  <testcase classname="com.abby.qa.testcases.LoginTest" name="verifyLoginWithValidEmailAndInvalidPassword" time="0.659"/>
  <testcase classname="com.abby.qa.testcases.LoginTest" name="verifyLoginWithoutProvidingCredential" time="0.489"/>
  <testcase classname="com.abby.qa.testcases.RegisterTest" name="verifyRegisteringAnAccountWithMandatoryFields" time="1.067"/>
  <testcase classname="com.abby.qa.testcases.RegisterTest" name="verifyRegisteringAnAccountWithAllFields" time="1.067"/>
  <testcase classname="com.abby.qa.testcases.RegisterTest" name="verifyRegisteringAnAccountWithExistingEmailAddress" time="0.893"/>
  <testcase classname="com.abby.qa.testcases.RegisterTest" name="verifyRegisteringAnAccountWithoutFillingAnyData" time="0.753"/>
  <testcase classname="com.abby.qa.testcases.SearchTest" name="verifySearchWithValidProduct" time="0.474"/>
  <testcase classname="com.abby.qa.testcases.SearchTest" name="verifySearchWithIvalidProduct" time="1.289"/>
  <testcase classname="com.abby.qa.testcases.SearchTest" name="verifySearchWithOutAnyProduct" time="1.288"/>
</testsuite> <!-- Test -->
