<?xml version="1.0" encoding="UTF-8"?>
<!-- Generated by org.testng.reporters.JUnitXMLReporter -->
<testsuite ignored="0" hostname="DESKTOP-URFGTI2" failures="0" tests="13" name="Test" time="90.593" errors="0" timestamp="2024-03-20T08:13:25 IST">
  <testcase classname="com.abby.qa.testcases.LoginTest" name="verifyLoginWithValidCreadentials" time="1.091"/>
  <testcase classname="com.abby.qa.testcases.LoginTest" name="verifyLoginWithValidCreadentials" time="0.879"/>
  <testcase classname="com.abby.qa.testcases.LoginTest" name="verifyLoginWithInvalidCreadentials" time="0.8"/>
  <testcase classname="com.abby.qa.testcases.LoginTest" name="verifyLoginWithInvalidEmailAndValidPassword" time="0.857"/>
  <testcase classname="com.abby.qa.testcases.LoginTest" name="verifyLoginWithValidEmailAndInvalidPassword" time="0.765"/>
  <testcase classname="com.abby.qa.testcases.LoginTest" name="verifyLoginWithoutProvidingCredential" time="0.52"/>
  <testcase classname="com.abby.qa.testcases.RegisterTest" name="verifyRegisteringAnAccountWithMandatoryFields" time="1.447"/>
  <testcase classname="com.abby.qa.testcases.RegisterTest" name="verifyRegisteringAnAccountWithAllFields" time="1.454"/>
  <testcase classname="com.abby.qa.testcases.RegisterTest" name="verifyRegisteringAnAccountWithExistingEmailAddress" time="1.173"/>
  <testcase classname="com.abby.qa.testcases.RegisterTest" name="verifyRegisteringAnAccountWithoutFillingAnyData" time="1.169"/>
  <testcase classname="com.abby.qa.testcases.SearchTest" name="verifySearchWithValidProduct" time="0.605"/>
  <testcase classname="com.abby.qa.testcases.SearchTest" name="verifySearchWithIvalidProduct" time="0.523"/>
  <testcase classname="com.abby.qa.testcases.SearchTest" name="verifySearchWithOutAnyProduct" time="0.511"/>
</testsuite> <!-- Test -->
